<?xml version='1.0' encoding='UTF-8'?>
<testsuite hostname="MacBook-Pro-Raj.local" name="CassandraSpec" tests="1" errors="0" failures="0" skipped="0" time="8.949" timestamp="2021-09-02T19:09:05">
                     <properties>
[...]
</properties>
                     <testcase classname="CassandraSpec" name="Cassandra container should be started" time="8.949">
                                                 
                                               </testcase>
                     <system-out><![CDATA[]]></system-out>
                     <system-err><![CDATA[]]></system-err>
                   </testsuite>